ðŸš€ Starting deployment for 'zyka_landing'...
ðŸ“ Creating temporary build directory...
ðŸ› ï¸  Building application...

> arc-ai@0.1.0 build
> next build

   â–² Next.js 16.0.7 (Turbopack)

   Creating an optimized production build ...
 âœ“ Compiled successfully in 13.6s
   Running TypeScript ...
   Collecting page data using 1 worker ...
   Generating static pages using 1 worker (0/13) ...
   Generating static pages using 1 worker (3/13) 
   Generating static pages using 1 worker (6/13) 
   Generating static pages using 1 worker (9/13) 
 âœ“ Generating static pages using 1 worker (13/13) in 884.3ms
   Finalizing page optimization ...

Route (app)
â”Œ â—‹ /
â”œ â—‹ /_not-found
â”œ â—‹ /about
â”œ â—‹ /blog
â”œ â—‹ /careers
â”œ â—‹ /documentation
â”œ â—‹ /features
â”œ â—‹ /pricing
â”œ â—‹ /privacy
â”œ â—‹ /security
â”œ â—‹ /terms
â”” â—‹ /updates


Æ’ Proxy (Middleware)

â—‹  (Static)  prerendered as static content

ðŸ“¦ Moving build to temp directory...
ðŸ”„ Swapping build directories...
ðŸ”„ Updating PM2 process...
[PM2] Applying action reloadProcessId on app [zyka_landing](ids: [ 3 ])
[PM2] [zyka_landing](3) âœ“
[PM2] Saving current process list...
[PM2] Successfully saved in /home/ubuntu/.pm2/dump.pm2
ðŸ’¾ PM2 process list saved.
âœ… Deployment completed successfully for zyka_landing!
