2025-12-17 08:00:51:  ⨯ upstream image response failed for https://images.unsplash.com/photo-1580489944761-15a19d654d0b?w=400 404
2025-12-17 08:33:18:  ⨯ upstream image response failed for https://images.unsplash.com/photo-1580489944761-15a19d654d0b?w=400 404
2025-12-19 04:04:59: Error: Failed to find Server Action "2e2b0b5d". This request might be from an older or newer deployment.
2025-12-19 04:04:59: Read more: https://nextjs.org/docs/messages/failed-to-find-server-action
2025-12-19 04:04:59:     at async m (.next/server/chunks/ssr/_37435df3._.js:1:6563)
2025-12-19 04:04:59:     at async o (.next/server/chunks/ssr/_37435df3._.js:2:2713)
2025-12-19 04:04:59:     at async J (.next/server/chunks/ssr/_37435df3._.js:2:7928)
2025-12-19 20:46:36:  ⨯ upstream image response failed for https://images.unsplash.com/photo-1580489944761-15a19d654d0b?w=400&h=400&fit=crop 404
2025-12-20 16:35:09: Error: Failed to find Server Action "x". This request might be from an older or newer deployment.
2025-12-20 16:35:09: Read more: https://nextjs.org/docs/messages/failed-to-find-server-action
2025-12-20 16:35:09:     at async m (.next/server/chunks/ssr/_37435df3._.js:1:6563)
2025-12-20 16:35:09:     at async o (.next/server/chunks/ssr/_37435df3._.js:2:2713)
2025-12-20 16:35:09:     at async J (.next/server/chunks/ssr/_37435df3._.js:2:7928)
2025-12-21 02:04:01: Error: Failed to find Server Action "74bfcf71". This request might be from an older or newer deployment.
2025-12-21 02:04:01: Read more: https://nextjs.org/docs/messages/failed-to-find-server-action
2025-12-21 02:04:01:     at async m (.next/server/chunks/ssr/_37435df3._.js:1:6563)
2025-12-21 02:04:01:     at async o (.next/server/chunks/ssr/_37435df3._.js:2:2713)
2025-12-21 02:04:01:     at async J (.next/server/chunks/ssr/_37435df3._.js:2:7928)
2025-12-22 05:44:01:  ⨯ upstream image response failed for https://images.unsplash.com/photo-1580489944761-15a19d654d0b?w=400&h=400&fit=crop 404
2025-12-22 06:41:36:  ⨯ upstream image response failed for https://images.unsplash.com/photo-1580489944761-15a19d654d0b?w=400&h=400&fit=crop 404
2025-12-22 16:05:38: Error: Failed to find Server Action "x". This request might be from an older or newer deployment.
2025-12-22 16:05:38: Read more: https://nextjs.org/docs/messages/failed-to-find-server-action
2025-12-22 16:05:38:     at async m (.next/server/chunks/ssr/_37435df3._.js:1:6563)
2025-12-22 16:05:38:     at async o (.next/server/chunks/ssr/_37435df3._.js:2:2713)
2025-12-22 16:05:38:     at async J (.next/server/chunks/ssr/_37435df3._.js:2:7928)
2025-12-22 19:41:08: Error: Failed to find Server Action "ea0fcca9". This request might be from an older or newer deployment.
2025-12-22 19:41:08: Read more: https://nextjs.org/docs/messages/failed-to-find-server-action
2025-12-22 19:41:08:     at async m (.next/server/chunks/ssr/_37435df3._.js:1:6563)
2025-12-22 19:41:08:     at async o (.next/server/chunks/ssr/_37435df3._.js:2:2713)
2025-12-22 19:41:08:     at async J (.next/server/chunks/ssr/_37435df3._.js:2:7928)
2025-12-23 15:15:28:  ⨯ upstream image response failed for https://images.unsplash.com/photo-1580489944761-15a19d654d0b?w=400&h=400&fit=crop 404
2025-12-24 15:47:24: Error: Failed to find Server Action "123161e1". This request might be from an older or newer deployment.
2025-12-24 15:47:24: Read more: https://nextjs.org/docs/messages/failed-to-find-server-action
2025-12-24 15:47:24:     at async m (.next/server/chunks/ssr/_37435df3._.js:1:6563)
2025-12-24 15:47:24:     at async o (.next/server/chunks/ssr/_37435df3._.js:2:2713)
2025-12-24 15:47:24:     at async J (.next/server/chunks/ssr/_37435df3._.js:2:7928)
2025-12-25 09:53:19:  ⨯ upstream image response failed for https://images.unsplash.com/photo-1580489944761-15a19d654d0b?w=400&h=400&fit=crop 404
2025-12-25 09:53:20:  ⨯ upstream image response failed for https://images.unsplash.com/photo-1580489944761-15a19d654d0b?w=400&h=400&fit=crop 404
2025-12-26 15:31:08: Error: Failed to find Server Action "362cd450". This request might be from an older or newer deployment.
2025-12-26 15:31:08: Read more: https://nextjs.org/docs/messages/failed-to-find-server-action
2025-12-26 15:31:08:     at async m (.next/server/chunks/ssr/_cdbcc209._.js:1:6939)
2025-12-26 15:31:08:     at async o (.next/server/chunks/ssr/_cdbcc209._.js:2:2713)
2025-12-26 15:31:08:     at async J (.next/server/chunks/ssr/_cdbcc209._.js:2:7928)
2025-12-26 16:31:12: Error: Failed to find Server Action "x". This request might be from an older or newer deployment.
2025-12-26 16:31:12: Read more: https://nextjs.org/docs/messages/failed-to-find-server-action
2025-12-26 16:31:12:     at async m (.next/server/chunks/ssr/_cdbcc209._.js:1:6939)
2025-12-26 16:31:12:     at async o (.next/server/chunks/ssr/_cdbcc209._.js:2:2713)
2025-12-26 16:31:12:     at async J (.next/server/chunks/ssr/_cdbcc209._.js:2:7928)
