2025-12-20 09:16:32: 
2025-12-20 09:16:32: > arc-ai@0.1.0 start
2025-12-20 09:16:32: > next start
2025-12-20 09:16:32: 
2025-12-20 09:16:32:    ▲ Next.js 16.0.7
2025-12-20 09:16:32:    - Local:         http://localhost:4001
2025-12-20 09:16:32:    - Network:       http://172.31.3.72:4001
2025-12-20 09:16:32: 
2025-12-20 09:16:32:  ✓ Starting...
2025-12-20 09:16:33:  ✓ Ready in 621ms
2025-12-22 06:57:23: 
2025-12-22 06:57:23: > arc-ai@0.1.0 start
2025-12-22 06:57:23: > next start
2025-12-22 06:57:23: 
2025-12-22 06:57:23:    ▲ Next.js 16.0.7
2025-12-22 06:57:23:    - Local:         http://localhost:4001
2025-12-22 06:57:23:    - Network:       http://172.31.3.72:4001
2025-12-22 06:57:23: 
2025-12-22 06:57:23:  ✓ Starting...
2025-12-22 06:57:23:  ✓ Ready in 606ms
2025-12-26 09:34:00: 
2025-12-26 09:34:00: > arc-ai@0.1.0 start
2025-12-26 09:34:00: > next start
2025-12-26 09:34:00: 
2025-12-26 09:34:00:    ▲ Next.js 16.0.7
2025-12-26 09:34:00:    - Local:         http://localhost:4001
2025-12-26 09:34:00:    - Network:       http://172.31.3.72:4001
2025-12-26 09:34:00: 
2025-12-26 09:34:00:  ✓ Starting...
2025-12-26 09:34:00:  ✓ Ready in 608ms
